Determining if the Q_WS_WIN exist failed with the following output:
Change Dir: /home/clemente/projects/Rolenator/build/CMakeFiles/CMakeTmp

Run Build Command:"/usr/bin/make" "cmTC_2c016/fast"
/usr/bin/make -f CMakeFiles/cmTC_2c016.dir/build.make CMakeFiles/cmTC_2c016.dir/build
make[1]: Entering directory '/home/clemente/projects/Rolenator/build/CMakeFiles/CMakeTmp'
Building CXX object CMakeFiles/cmTC_2c016.dir/CheckSymbolExists.cxx.o
/usr/bin/c++    -I/usr/include/qt4   -o CMakeFiles/cmTC_2c016.dir/CheckSymbolExists.cxx.o -c /home/clemente/projects/Rolenator/build/CMakeFiles/CMakeTmp/CheckSymbolExists.cxx
/home/clemente/projects/Rolenator/build/CMakeFiles/CMakeTmp/CheckSymbolExists.cxx: In function ‘int main(int, char**)’:
/home/clemente/projects/Rolenator/build/CMakeFiles/CMakeTmp/CheckSymbolExists.cxx:8:19: error: ‘Q_WS_WIN’ was not declared in this scope
   return ((int*)(&Q_WS_WIN))[argc];
                   ^~~~~~~~
make[1]: *** [CMakeFiles/cmTC_2c016.dir/build.make:66: CMakeFiles/cmTC_2c016.dir/CheckSymbolExists.cxx.o] Error 1
make[1]: Leaving directory '/home/clemente/projects/Rolenator/build/CMakeFiles/CMakeTmp'
make: *** [Makefile:126: cmTC_2c016/fast] Error 2

File /home/clemente/projects/Rolenator/build/CMakeFiles/CMakeTmp/CheckSymbolExists.cxx:
/* */
#include <QtCore/qglobal.h>

int main(int argc, char** argv)
{
  (void)argv;
#ifndef Q_WS_WIN
  return ((int*)(&Q_WS_WIN))[argc];
#else
  (void)argc;
  return 0;
#endif
}

Determining if the Q_WS_QWS exist failed with the following output:
Change Dir: /home/clemente/projects/Rolenator/build/CMakeFiles/CMakeTmp

Run Build Command:"/usr/bin/make" "cmTC_4e606/fast"
/usr/bin/make -f CMakeFiles/cmTC_4e606.dir/build.make CMakeFiles/cmTC_4e606.dir/build
make[1]: Entering directory '/home/clemente/projects/Rolenator/build/CMakeFiles/CMakeTmp'
Building CXX object CMakeFiles/cmTC_4e606.dir/CheckSymbolExists.cxx.o
/usr/bin/c++    -I/usr/include/qt4   -o CMakeFiles/cmTC_4e606.dir/CheckSymbolExists.cxx.o -c /home/clemente/projects/Rolenator/build/CMakeFiles/CMakeTmp/CheckSymbolExists.cxx
/home/clemente/projects/Rolenator/build/CMakeFiles/CMakeTmp/CheckSymbolExists.cxx: In function ‘int main(int, char**)’:
/home/clemente/projects/Rolenator/build/CMakeFiles/CMakeTmp/CheckSymbolExists.cxx:8:19: error: ‘Q_WS_QWS’ was not declared in this scope
   return ((int*)(&Q_WS_QWS))[argc];
                   ^~~~~~~~
make[1]: *** [CMakeFiles/cmTC_4e606.dir/build.make:66: CMakeFiles/cmTC_4e606.dir/CheckSymbolExists.cxx.o] Error 1
make[1]: Leaving directory '/home/clemente/projects/Rolenator/build/CMakeFiles/CMakeTmp'
make: *** [Makefile:126: cmTC_4e606/fast] Error 2

File /home/clemente/projects/Rolenator/build/CMakeFiles/CMakeTmp/CheckSymbolExists.cxx:
/* */
#include <QtCore/qglobal.h>

int main(int argc, char** argv)
{
  (void)argv;
#ifndef Q_WS_QWS
  return ((int*)(&Q_WS_QWS))[argc];
#else
  (void)argc;
  return 0;
#endif
}

Determining if the Q_WS_MAC exist failed with the following output:
Change Dir: /home/clemente/projects/Rolenator/build/CMakeFiles/CMakeTmp

Run Build Command:"/usr/bin/make" "cmTC_7b99e/fast"
/usr/bin/make -f CMakeFiles/cmTC_7b99e.dir/build.make CMakeFiles/cmTC_7b99e.dir/build
make[1]: Entering directory '/home/clemente/projects/Rolenator/build/CMakeFiles/CMakeTmp'
Building CXX object CMakeFiles/cmTC_7b99e.dir/CheckSymbolExists.cxx.o
/usr/bin/c++    -I/usr/include/qt4   -o CMakeFiles/cmTC_7b99e.dir/CheckSymbolExists.cxx.o -c /home/clemente/projects/Rolenator/build/CMakeFiles/CMakeTmp/CheckSymbolExists.cxx
/home/clemente/projects/Rolenator/build/CMakeFiles/CMakeTmp/CheckSymbolExists.cxx: In function ‘int main(int, char**)’:
/home/clemente/projects/Rolenator/build/CMakeFiles/CMakeTmp/CheckSymbolExists.cxx:8:19: error: ‘Q_WS_MAC’ was not declared in this scope
   return ((int*)(&Q_WS_MAC))[argc];
                   ^~~~~~~~
make[1]: *** [CMakeFiles/cmTC_7b99e.dir/build.make:66: CMakeFiles/cmTC_7b99e.dir/CheckSymbolExists.cxx.o] Error 1
make[1]: Leaving directory '/home/clemente/projects/Rolenator/build/CMakeFiles/CMakeTmp'
make: *** [Makefile:126: cmTC_7b99e/fast] Error 2

File /home/clemente/projects/Rolenator/build/CMakeFiles/CMakeTmp/CheckSymbolExists.cxx:
/* */
#include <QtCore/qglobal.h>

int main(int argc, char** argv)
{
  (void)argv;
#ifndef Q_WS_MAC
  return ((int*)(&Q_WS_MAC))[argc];
#else
  (void)argc;
  return 0;
#endif
}

